<?xml version="1.0" encoding="UTF-8"?>
<testsuite xmlns:xsi="http://www.w3.org/2001/XMLSchema-instance" xsi:noNamespaceSchemaLocation="https://maven.apache.org/surefire/maven-surefire-plugin/xsd/surefire-test-report-3.0.xsd" version="3.0" name="com.lauro.correia.reactive.api.controller.UserInfoControllerITest" time="3.058" tests="3" errors="0" skipped="0" failures="0">
  <properties>
    <property name="java.specification.version" value="17"/>
    <property name="sun.jnu.encoding" value="UTF-8"/>
    <property name="java.class.path" value="/Users/laurocorreia/Documents/GitHub/reactive-api/target/test-classes:/Users/laurocorreia/Documents/GitHub/reactive-api/target/classes:/Users/laurocorreia/.m2/repository/org/springframework/boot/spring-boot-starter-webflux/3.1.5/spring-boot-starter-webflux-3.1.5.jar:/Users/laurocorreia/.m2/repository/org/springframework/boot/spring-boot-starter/3.1.5/spring-boot-starter-3.1.5.jar:/Users/laurocorreia/.m2/repository/org/springframework/boot/spring-boot-starter-logging/3.1.5/spring-boot-starter-logging-3.1.5.jar:/Users/laurocorreia/.m2/repository/ch/qos/logback/logback-classic/1.4.11/logback-classic-1.4.11.jar:/Users/laurocorreia/.m2/repository/ch/qos/logback/logback-core/1.4.11/logback-core-1.4.11.jar:/Users/laurocorreia/.m2/repository/org/apache/logging/log4j/log4j-to-slf4j/2.20.0/log4j-to-slf4j-2.20.0.jar:/Users/laurocorreia/.m2/repository/org/apache/logging/log4j/log4j-api/2.20.0/log4j-api-2.20.0.jar:/Users/laurocorreia/.m2/repository/org/slf4j/jul-to-slf4j/2.0.9/jul-to-slf4j-2.0.9.jar:/Users/laurocorreia/.m2/repository/jakarta/annotation/jakarta.annotation-api/2.1.1/jakarta.annotation-api-2.1.1.jar:/Users/laurocorreia/.m2/repository/org/yaml/snakeyaml/1.33/snakeyaml-1.33.jar:/Users/laurocorreia/.m2/repository/org/springframework/boot/spring-boot-starter-json/3.1.5/spring-boot-starter-json-3.1.5.jar:/Users/laurocorreia/.m2/repository/com/fasterxml/jackson/core/jackson-databind/2.15.3/jackson-databind-2.15.3.jar:/Users/laurocorreia/.m2/repository/com/fasterxml/jackson/core/jackson-annotations/2.15.3/jackson-annotations-2.15.3.jar:/Users/laurocorreia/.m2/repository/com/fasterxml/jackson/core/jackson-core/2.15.3/jackson-core-2.15.3.jar:/Users/laurocorreia/.m2/repository/com/fasterxml/jackson/datatype/jackson-datatype-jdk8/2.15.3/jackson-datatype-jdk8-2.15.3.jar:/Users/laurocorreia/.m2/repository/com/fasterxml/jackson/datatype/jackson-datatype-jsr310/2.15.3/jackson-datatype-jsr310-2.15.3.jar:/Users/laurocorreia/.m2/repository/com/fasterxml/jackson/module/jackson-module-parameter-names/2.15.3/jackson-module-parameter-names-2.15.3.jar:/Users/laurocorreia/.m2/repository/org/springframework/boot/spring-boot-starter-reactor-netty/3.1.5/spring-boot-starter-reactor-netty-3.1.5.jar:/Users/laurocorreia/.m2/repository/io/projectreactor/netty/reactor-netty-http/1.1.12/reactor-netty-http-1.1.12.jar:/Users/laurocorreia/.m2/repository/io/netty/netty-codec-http/4.1.100.Final/netty-codec-http-4.1.100.Final.jar:/Users/laurocorreia/.m2/repository/io/netty/netty-common/4.1.100.Final/netty-common-4.1.100.Final.jar:/Users/laurocorreia/.m2/repository/io/netty/netty-buffer/4.1.100.Final/netty-buffer-4.1.100.Final.jar:/Users/laurocorreia/.m2/repository/io/netty/netty-transport/4.1.100.Final/netty-transport-4.1.100.Final.jar:/Users/laurocorreia/.m2/repository/io/netty/netty-codec/4.1.100.Final/netty-codec-4.1.100.Final.jar:/Users/laurocorreia/.m2/repository/io/netty/netty-handler/4.1.100.Final/netty-handler-4.1.100.Final.jar:/Users/laurocorreia/.m2/repository/io/netty/netty-codec-http2/4.1.100.Final/netty-codec-http2-4.1.100.Final.jar:/Users/laurocorreia/.m2/repository/io/netty/netty-resolver-dns/4.1.100.Final/netty-resolver-dns-4.1.100.Final.jar:/Users/laurocorreia/.m2/repository/io/netty/netty-resolver/4.1.100.Final/netty-resolver-4.1.100.Final.jar:/Users/laurocorreia/.m2/repository/io/netty/netty-codec-dns/4.1.100.Final/netty-codec-dns-4.1.100.Final.jar:/Users/laurocorreia/.m2/repository/io/netty/netty-resolver-dns-native-macos/4.1.100.Final/netty-resolver-dns-native-macos-4.1.100.Final-osx-x86_64.jar:/Users/laurocorreia/.m2/repository/io/netty/netty-resolver-dns-classes-macos/4.1.100.Final/netty-resolver-dns-classes-macos-4.1.100.Final.jar:/Users/laurocorreia/.m2/repository/io/netty/netty-transport-native-epoll/4.1.100.Final/netty-transport-native-epoll-4.1.100.Final-linux-x86_64.jar:/Users/laurocorreia/.m2/repository/io/netty/netty-transport-native-unix-common/4.1.100.Final/netty-transport-native-unix-common-4.1.100.Final.jar:/Users/laurocorreia/.m2/repository/io/netty/netty-transport-classes-epoll/4.1.100.Final/netty-transport-classes-epoll-4.1.100.Final.jar:/Users/laurocorreia/.m2/repository/io/projectreactor/netty/reactor-netty-core/1.1.12/reactor-netty-core-1.1.12.jar:/Users/laurocorreia/.m2/repository/io/netty/netty-handler-proxy/4.1.100.Final/netty-handler-proxy-4.1.100.Final.jar:/Users/laurocorreia/.m2/repository/io/netty/netty-codec-socks/4.1.100.Final/netty-codec-socks-4.1.100.Final.jar:/Users/laurocorreia/.m2/repository/org/springframework/spring-web/6.0.13/spring-web-6.0.13.jar:/Users/laurocorreia/.m2/repository/org/springframework/spring-beans/6.0.13/spring-beans-6.0.13.jar:/Users/laurocorreia/.m2/repository/io/micrometer/micrometer-observation/1.11.5/micrometer-observation-1.11.5.jar:/Users/laurocorreia/.m2/repository/io/micrometer/micrometer-commons/1.11.5/micrometer-commons-1.11.5.jar:/Users/laurocorreia/.m2/repository/org/springframework/spring-webflux/6.0.13/spring-webflux-6.0.13.jar:/Users/laurocorreia/.m2/repository/org/springframework/boot/spring-boot-devtools/3.1.5/spring-boot-devtools-3.1.5.jar:/Users/laurocorreia/.m2/repository/org/springframework/boot/spring-boot/3.1.5/spring-boot-3.1.5.jar:/Users/laurocorreia/.m2/repository/org/springframework/spring-context/6.0.13/spring-context-6.0.13.jar:/Users/laurocorreia/.m2/repository/org/springframework/spring-aop/6.0.13/spring-aop-6.0.13.jar:/Users/laurocorreia/.m2/repository/org/springframework/spring-expression/6.0.13/spring-expression-6.0.13.jar:/Users/laurocorreia/.m2/repository/org/springframework/boot/spring-boot-autoconfigure/3.1.5/spring-boot-autoconfigure-3.1.5.jar:/Users/laurocorreia/.m2/repository/org/springframework/boot/spring-boot-starter-validation/3.1.5/spring-boot-starter-validation-3.1.5.jar:/Users/laurocorreia/.m2/repository/org/apache/tomcat/embed/tomcat-embed-el/10.1.15/tomcat-embed-el-10.1.15.jar:/Users/laurocorreia/.m2/repository/org/hibernate/validator/hibernate-validator/8.0.1.Final/hibernate-validator-8.0.1.Final.jar:/Users/laurocorreia/.m2/repository/jakarta/validation/jakarta.validation-api/3.0.2/jakarta.validation-api-3.0.2.jar:/Users/laurocorreia/.m2/repository/org/jboss/logging/jboss-logging/3.5.3.Final/jboss-logging-3.5.3.Final.jar:/Users/laurocorreia/.m2/repository/com/fasterxml/classmate/1.5.1/classmate-1.5.1.jar:/Users/laurocorreia/.m2/repository/org/springdoc/springdoc-openapi-starter-webflux-ui/2.2.0/springdoc-openapi-starter-webflux-ui-2.2.0.jar:/Users/laurocorreia/.m2/repository/org/springdoc/springdoc-openapi-starter-webflux-api/2.2.0/springdoc-openapi-starter-webflux-api-2.2.0.jar:/Users/laurocorreia/.m2/repository/org/springdoc/springdoc-openapi-starter-common/2.2.0/springdoc-openapi-starter-common-2.2.0.jar:/Users/laurocorreia/.m2/repository/io/swagger/core/v3/swagger-core-jakarta/2.2.15/swagger-core-jakarta-2.2.15.jar:/Users/laurocorreia/.m2/repository/org/apache/commons/commons-lang3/3.12.0/commons-lang3-3.12.0.jar:/Users/laurocorreia/.m2/repository/io/swagger/core/v3/swagger-annotations-jakarta/2.2.15/swagger-annotations-jakarta-2.2.15.jar:/Users/laurocorreia/.m2/repository/io/swagger/core/v3/swagger-models-jakarta/2.2.15/swagger-models-jakarta-2.2.15.jar:/Users/laurocorreia/.m2/repository/com/fasterxml/jackson/dataformat/jackson-dataformat-yaml/2.15.3/jackson-dataformat-yaml-2.15.3.jar:/Users/laurocorreia/.m2/repository/org/webjars/swagger-ui/5.2.0/swagger-ui-5.2.0.jar:/Users/laurocorreia/.m2/repository/org/mapstruct/mapstruct/1.5.5.Final/mapstruct-1.5.5.Final.jar:/Users/laurocorreia/.m2/repository/org/projectlombok/lombok/1.18.30/lombok-1.18.30.jar:/Users/laurocorreia/.m2/repository/org/springframework/boot/spring-boot-starter-test/3.1.5/spring-boot-starter-test-3.1.5.jar:/Users/laurocorreia/.m2/repository/org/springframework/boot/spring-boot-test/3.1.5/spring-boot-test-3.1.5.jar:/Users/laurocorreia/.m2/repository/org/springframework/boot/spring-boot-test-autoconfigure/3.1.5/spring-boot-test-autoconfigure-3.1.5.jar:/Users/laurocorreia/.m2/repository/com/jayway/jsonpath/json-path/2.8.0/json-path-2.8.0.jar:/Users/laurocorreia/.m2/repository/org/slf4j/slf4j-api/2.0.9/slf4j-api-2.0.9.jar:/Users/laurocorreia/.m2/repository/jakarta/xml/bind/jakarta.xml.bind-api/4.0.1/jakarta.xml.bind-api-4.0.1.jar:/Users/laurocorreia/.m2/repository/jakarta/activation/jakarta.activation-api/2.1.2/jakarta.activation-api-2.1.2.jar:/Users/laurocorreia/.m2/repository/net/minidev/json-smart/2.4.11/json-smart-2.4.11.jar:/Users/laurocorreia/.m2/repository/net/minidev/accessors-smart/2.4.11/accessors-smart-2.4.11.jar:/Users/laurocorreia/.m2/repository/org/ow2/asm/asm/9.3/asm-9.3.jar:/Users/laurocorreia/.m2/repository/org/assertj/assertj-core/3.24.2/assertj-core-3.24.2.jar:/Users/laurocorreia/.m2/repository/net/bytebuddy/byte-buddy/1.14.9/byte-buddy-1.14.9.jar:/Users/laurocorreia/.m2/repository/org/hamcrest/hamcrest/2.2/hamcrest-2.2.jar:/Users/laurocorreia/.m2/repository/org/junit/jupiter/junit-jupiter/5.9.3/junit-jupiter-5.9.3.jar:/Users/laurocorreia/.m2/repository/org/junit/jupiter/junit-jupiter-api/5.9.3/junit-jupiter-api-5.9.3.jar:/Users/laurocorreia/.m2/repository/org/opentest4j/opentest4j/1.2.0/opentest4j-1.2.0.jar:/Users/laurocorreia/.m2/repository/org/junit/platform/junit-platform-commons/1.9.3/junit-platform-commons-1.9.3.jar:/Users/laurocorreia/.m2/repository/org/apiguardian/apiguardian-api/1.1.2/apiguardian-api-1.1.2.jar:/Users/laurocorreia/.m2/repository/org/junit/jupiter/junit-jupiter-params/5.9.3/junit-jupiter-params-5.9.3.jar:/Users/laurocorreia/.m2/repository/org/junit/jupiter/junit-jupiter-engine/5.9.3/junit-jupiter-engine-5.9.3.jar:/Users/laurocorreia/.m2/repository/org/junit/platform/junit-platform-engine/1.9.3/junit-platform-engine-1.9.3.jar:/Users/laurocorreia/.m2/repository/org/mockito/mockito-core/5.3.1/mockito-core-5.3.1.jar:/Users/laurocorreia/.m2/repository/net/bytebuddy/byte-buddy-agent/1.14.9/byte-buddy-agent-1.14.9.jar:/Users/laurocorreia/.m2/repository/org/objenesis/objenesis/3.3/objenesis-3.3.jar:/Users/laurocorreia/.m2/repository/org/mockito/mockito-junit-jupiter/5.3.1/mockito-junit-jupiter-5.3.1.jar:/Users/laurocorreia/.m2/repository/org/skyscreamer/jsonassert/1.5.1/jsonassert-1.5.1.jar:/Users/laurocorreia/.m2/repository/com/vaadin/external/google/android-json/0.0.20131108.vaadin1/android-json-0.0.20131108.vaadin1.jar:/Users/laurocorreia/.m2/repository/org/springframework/spring-core/6.0.13/spring-core-6.0.13.jar:/Users/laurocorreia/.m2/repository/org/springframework/spring-jcl/6.0.13/spring-jcl-6.0.13.jar:/Users/laurocorreia/.m2/repository/org/springframework/spring-test/6.0.13/spring-test-6.0.13.jar:/Users/laurocorreia/.m2/repository/org/xmlunit/xmlunit-core/2.9.1/xmlunit-core-2.9.1.jar:/Users/laurocorreia/.m2/repository/io/projectreactor/reactor-test/3.5.11/reactor-test-3.5.11.jar:/Users/laurocorreia/.m2/repository/io/projectreactor/reactor-core/3.5.11/reactor-core-3.5.11.jar:/Users/laurocorreia/.m2/repository/org/reactivestreams/reactive-streams/1.0.4/reactive-streams-1.0.4.jar:"/>
    <property name="java.vm.vendor" value="Homebrew"/>
    <property name="sun.arch.data.model" value="64"/>
    <property name="java.vendor.url" value="https://github.com/Homebrew/homebrew-core/issues"/>
    <property name="user.timezone" value="Europe/Madrid"/>
    <property name="org.jboss.logging.provider" value="slf4j"/>
    <property name="os.name" value="Mac OS X"/>
    <property name="java.vm.specification.version" value="17"/>
    <property name="sun.java.launcher" value="SUN_STANDARD"/>
    <property name="user.country" value="ES"/>
    <property name="sun.boot.library.path" value="/usr/local/Cellar/openjdk@17/17.0.8/libexec/openjdk.jdk/Contents/Home/lib"/>
    <property name="sun.java.command" value="/Users/laurocorreia/Documents/GitHub/reactive-api/target/surefire/surefirebooter-20231103185446978_3.jar /Users/laurocorreia/Documents/GitHub/reactive-api/target/surefire 2023-11-03T18-54-46_814-jvmRun1 surefire-20231103185446978_1tmp surefire_0-20231103185446978_2tmp"/>
    <property name="http.nonProxyHosts" value="local|*.local|169.254/16|*.169.254/16"/>
    <property name="jdk.debug" value="release"/>
    <property name="surefire.test.class.path" value="/Users/laurocorreia/Documents/GitHub/reactive-api/target/test-classes:/Users/laurocorreia/Documents/GitHub/reactive-api/target/classes:/Users/laurocorreia/.m2/repository/org/springframework/boot/spring-boot-starter-webflux/3.1.5/spring-boot-starter-webflux-3.1.5.jar:/Users/laurocorreia/.m2/repository/org/springframework/boot/spring-boot-starter/3.1.5/spring-boot-starter-3.1.5.jar:/Users/laurocorreia/.m2/repository/org/springframework/boot/spring-boot-starter-logging/3.1.5/spring-boot-starter-logging-3.1.5.jar:/Users/laurocorreia/.m2/repository/ch/qos/logback/logback-classic/1.4.11/logback-classic-1.4.11.jar:/Users/laurocorreia/.m2/repository/ch/qos/logback/logback-core/1.4.11/logback-core-1.4.11.jar:/Users/laurocorreia/.m2/repository/org/apache/logging/log4j/log4j-to-slf4j/2.20.0/log4j-to-slf4j-2.20.0.jar:/Users/laurocorreia/.m2/repository/org/apache/logging/log4j/log4j-api/2.20.0/log4j-api-2.20.0.jar:/Users/laurocorreia/.m2/repository/org/slf4j/jul-to-slf4j/2.0.9/jul-to-slf4j-2.0.9.jar:/Users/laurocorreia/.m2/repository/jakarta/annotation/jakarta.annotation-api/2.1.1/jakarta.annotation-api-2.1.1.jar:/Users/laurocorreia/.m2/repository/org/yaml/snakeyaml/1.33/snakeyaml-1.33.jar:/Users/laurocorreia/.m2/repository/org/springframework/boot/spring-boot-starter-json/3.1.5/spring-boot-starter-json-3.1.5.jar:/Users/laurocorreia/.m2/repository/com/fasterxml/jackson/core/jackson-databind/2.15.3/jackson-databind-2.15.3.jar:/Users/laurocorreia/.m2/repository/com/fasterxml/jackson/core/jackson-annotations/2.15.3/jackson-annotations-2.15.3.jar:/Users/laurocorreia/.m2/repository/com/fasterxml/jackson/core/jackson-core/2.15.3/jackson-core-2.15.3.jar:/Users/laurocorreia/.m2/repository/com/fasterxml/jackson/datatype/jackson-datatype-jdk8/2.15.3/jackson-datatype-jdk8-2.15.3.jar:/Users/laurocorreia/.m2/repository/com/fasterxml/jackson/datatype/jackson-datatype-jsr310/2.15.3/jackson-datatype-jsr310-2.15.3.jar:/Users/laurocorreia/.m2/repository/com/fasterxml/jackson/module/jackson-module-parameter-names/2.15.3/jackson-module-parameter-names-2.15.3.jar:/Users/laurocorreia/.m2/repository/org/springframework/boot/spring-boot-starter-reactor-netty/3.1.5/spring-boot-starter-reactor-netty-3.1.5.jar:/Users/laurocorreia/.m2/repository/io/projectreactor/netty/reactor-netty-http/1.1.12/reactor-netty-http-1.1.12.jar:/Users/laurocorreia/.m2/repository/io/netty/netty-codec-http/4.1.100.Final/netty-codec-http-4.1.100.Final.jar:/Users/laurocorreia/.m2/repository/io/netty/netty-common/4.1.100.Final/netty-common-4.1.100.Final.jar:/Users/laurocorreia/.m2/repository/io/netty/netty-buffer/4.1.100.Final/netty-buffer-4.1.100.Final.jar:/Users/laurocorreia/.m2/repository/io/netty/netty-transport/4.1.100.Final/netty-transport-4.1.100.Final.jar:/Users/laurocorreia/.m2/repository/io/netty/netty-codec/4.1.100.Final/netty-codec-4.1.100.Final.jar:/Users/laurocorreia/.m2/repository/io/netty/netty-handler/4.1.100.Final/netty-handler-4.1.100.Final.jar:/Users/laurocorreia/.m2/repository/io/netty/netty-codec-http2/4.1.100.Final/netty-codec-http2-4.1.100.Final.jar:/Users/laurocorreia/.m2/repository/io/netty/netty-resolver-dns/4.1.100.Final/netty-resolver-dns-4.1.100.Final.jar:/Users/laurocorreia/.m2/repository/io/netty/netty-resolver/4.1.100.Final/netty-resolver-4.1.100.Final.jar:/Users/laurocorreia/.m2/repository/io/netty/netty-codec-dns/4.1.100.Final/netty-codec-dns-4.1.100.Final.jar:/Users/laurocorreia/.m2/repository/io/netty/netty-resolver-dns-native-macos/4.1.100.Final/netty-resolver-dns-native-macos-4.1.100.Final-osx-x86_64.jar:/Users/laurocorreia/.m2/repository/io/netty/netty-resolver-dns-classes-macos/4.1.100.Final/netty-resolver-dns-classes-macos-4.1.100.Final.jar:/Users/laurocorreia/.m2/repository/io/netty/netty-transport-native-epoll/4.1.100.Final/netty-transport-native-epoll-4.1.100.Final-linux-x86_64.jar:/Users/laurocorreia/.m2/repository/io/netty/netty-transport-native-unix-common/4.1.100.Final/netty-transport-native-unix-common-4.1.100.Final.jar:/Users/laurocorreia/.m2/repository/io/netty/netty-transport-classes-epoll/4.1.100.Final/netty-transport-classes-epoll-4.1.100.Final.jar:/Users/laurocorreia/.m2/repository/io/projectreactor/netty/reactor-netty-core/1.1.12/reactor-netty-core-1.1.12.jar:/Users/laurocorreia/.m2/repository/io/netty/netty-handler-proxy/4.1.100.Final/netty-handler-proxy-4.1.100.Final.jar:/Users/laurocorreia/.m2/repository/io/netty/netty-codec-socks/4.1.100.Final/netty-codec-socks-4.1.100.Final.jar:/Users/laurocorreia/.m2/repository/org/springframework/spring-web/6.0.13/spring-web-6.0.13.jar:/Users/laurocorreia/.m2/repository/org/springframework/spring-beans/6.0.13/spring-beans-6.0.13.jar:/Users/laurocorreia/.m2/repository/io/micrometer/micrometer-observation/1.11.5/micrometer-observation-1.11.5.jar:/Users/laurocorreia/.m2/repository/io/micrometer/micrometer-commons/1.11.5/micrometer-commons-1.11.5.jar:/Users/laurocorreia/.m2/repository/org/springframework/spring-webflux/6.0.13/spring-webflux-6.0.13.jar:/Users/laurocorreia/.m2/repository/org/springframework/boot/spring-boot-devtools/3.1.5/spring-boot-devtools-3.1.5.jar:/Users/laurocorreia/.m2/repository/org/springframework/boot/spring-boot/3.1.5/spring-boot-3.1.5.jar:/Users/laurocorreia/.m2/repository/org/springframework/spring-context/6.0.13/spring-context-6.0.13.jar:/Users/laurocorreia/.m2/repository/org/springframework/spring-aop/6.0.13/spring-aop-6.0.13.jar:/Users/laurocorreia/.m2/repository/org/springframework/spring-expression/6.0.13/spring-expression-6.0.13.jar:/Users/laurocorreia/.m2/repository/org/springframework/boot/spring-boot-autoconfigure/3.1.5/spring-boot-autoconfigure-3.1.5.jar:/Users/laurocorreia/.m2/repository/org/springframework/boot/spring-boot-starter-validation/3.1.5/spring-boot-starter-validation-3.1.5.jar:/Users/laurocorreia/.m2/repository/org/apache/tomcat/embed/tomcat-embed-el/10.1.15/tomcat-embed-el-10.1.15.jar:/Users/laurocorreia/.m2/repository/org/hibernate/validator/hibernate-validator/8.0.1.Final/hibernate-validator-8.0.1.Final.jar:/Users/laurocorreia/.m2/repository/jakarta/validation/jakarta.validation-api/3.0.2/jakarta.validation-api-3.0.2.jar:/Users/laurocorreia/.m2/repository/org/jboss/logging/jboss-logging/3.5.3.Final/jboss-logging-3.5.3.Final.jar:/Users/laurocorreia/.m2/repository/com/fasterxml/classmate/1.5.1/classmate-1.5.1.jar:/Users/laurocorreia/.m2/repository/org/springdoc/springdoc-openapi-starter-webflux-ui/2.2.0/springdoc-openapi-starter-webflux-ui-2.2.0.jar:/Users/laurocorreia/.m2/repository/org/springdoc/springdoc-openapi-starter-webflux-api/2.2.0/springdoc-openapi-starter-webflux-api-2.2.0.jar:/Users/laurocorreia/.m2/repository/org/springdoc/springdoc-openapi-starter-common/2.2.0/springdoc-openapi-starter-common-2.2.0.jar:/Users/laurocorreia/.m2/repository/io/swagger/core/v3/swagger-core-jakarta/2.2.15/swagger-core-jakarta-2.2.15.jar:/Users/laurocorreia/.m2/repository/org/apache/commons/commons-lang3/3.12.0/commons-lang3-3.12.0.jar:/Users/laurocorreia/.m2/repository/io/swagger/core/v3/swagger-annotations-jakarta/2.2.15/swagger-annotations-jakarta-2.2.15.jar:/Users/laurocorreia/.m2/repository/io/swagger/core/v3/swagger-models-jakarta/2.2.15/swagger-models-jakarta-2.2.15.jar:/Users/laurocorreia/.m2/repository/com/fasterxml/jackson/dataformat/jackson-dataformat-yaml/2.15.3/jackson-dataformat-yaml-2.15.3.jar:/Users/laurocorreia/.m2/repository/org/webjars/swagger-ui/5.2.0/swagger-ui-5.2.0.jar:/Users/laurocorreia/.m2/repository/org/mapstruct/mapstruct/1.5.5.Final/mapstruct-1.5.5.Final.jar:/Users/laurocorreia/.m2/repository/org/projectlombok/lombok/1.18.30/lombok-1.18.30.jar:/Users/laurocorreia/.m2/repository/org/springframework/boot/spring-boot-starter-test/3.1.5/spring-boot-starter-test-3.1.5.jar:/Users/laurocorreia/.m2/repository/org/springframework/boot/spring-boot-test/3.1.5/spring-boot-test-3.1.5.jar:/Users/laurocorreia/.m2/repository/org/springframework/boot/spring-boot-test-autoconfigure/3.1.5/spring-boot-test-autoconfigure-3.1.5.jar:/Users/laurocorreia/.m2/repository/com/jayway/jsonpath/json-path/2.8.0/json-path-2.8.0.jar:/Users/laurocorreia/.m2/repository/org/slf4j/slf4j-api/2.0.9/slf4j-api-2.0.9.jar:/Users/laurocorreia/.m2/repository/jakarta/xml/bind/jakarta.xml.bind-api/4.0.1/jakarta.xml.bind-api-4.0.1.jar:/Users/laurocorreia/.m2/repository/jakarta/activation/jakarta.activation-api/2.1.2/jakarta.activation-api-2.1.2.jar:/Users/laurocorreia/.m2/repository/net/minidev/json-smart/2.4.11/json-smart-2.4.11.jar:/Users/laurocorreia/.m2/repository/net/minidev/accessors-smart/2.4.11/accessors-smart-2.4.11.jar:/Users/laurocorreia/.m2/repository/org/ow2/asm/asm/9.3/asm-9.3.jar:/Users/laurocorreia/.m2/repository/org/assertj/assertj-core/3.24.2/assertj-core-3.24.2.jar:/Users/laurocorreia/.m2/repository/net/bytebuddy/byte-buddy/1.14.9/byte-buddy-1.14.9.jar:/Users/laurocorreia/.m2/repository/org/hamcrest/hamcrest/2.2/hamcrest-2.2.jar:/Users/laurocorreia/.m2/repository/org/junit/jupiter/junit-jupiter/5.9.3/junit-jupiter-5.9.3.jar:/Users/laurocorreia/.m2/repository/org/junit/jupiter/junit-jupiter-api/5.9.3/junit-jupiter-api-5.9.3.jar:/Users/laurocorreia/.m2/repository/org/opentest4j/opentest4j/1.2.0/opentest4j-1.2.0.jar:/Users/laurocorreia/.m2/repository/org/junit/platform/junit-platform-commons/1.9.3/junit-platform-commons-1.9.3.jar:/Users/laurocorreia/.m2/repository/org/apiguardian/apiguardian-api/1.1.2/apiguardian-api-1.1.2.jar:/Users/laurocorreia/.m2/repository/org/junit/jupiter/junit-jupiter-params/5.9.3/junit-jupiter-params-5.9.3.jar:/Users/laurocorreia/.m2/repository/org/junit/jupiter/junit-jupiter-engine/5.9.3/junit-jupiter-engine-5.9.3.jar:/Users/laurocorreia/.m2/repository/org/junit/platform/junit-platform-engine/1.9.3/junit-platform-engine-1.9.3.jar:/Users/laurocorreia/.m2/repository/org/mockito/mockito-core/5.3.1/mockito-core-5.3.1.jar:/Users/laurocorreia/.m2/repository/net/bytebuddy/byte-buddy-agent/1.14.9/byte-buddy-agent-1.14.9.jar:/Users/laurocorreia/.m2/repository/org/objenesis/objenesis/3.3/objenesis-3.3.jar:/Users/laurocorreia/.m2/repository/org/mockito/mockito-junit-jupiter/5.3.1/mockito-junit-jupiter-5.3.1.jar:/Users/laurocorreia/.m2/repository/org/skyscreamer/jsonassert/1.5.1/jsonassert-1.5.1.jar:/Users/laurocorreia/.m2/repository/com/vaadin/external/google/android-json/0.0.20131108.vaadin1/android-json-0.0.20131108.vaadin1.jar:/Users/laurocorreia/.m2/repository/org/springframework/spring-core/6.0.13/spring-core-6.0.13.jar:/Users/laurocorreia/.m2/repository/org/springframework/spring-jcl/6.0.13/spring-jcl-6.0.13.jar:/Users/laurocorreia/.m2/repository/org/springframework/spring-test/6.0.13/spring-test-6.0.13.jar:/Users/laurocorreia/.m2/repository/org/xmlunit/xmlunit-core/2.9.1/xmlunit-core-2.9.1.jar:/Users/laurocorreia/.m2/repository/io/projectreactor/reactor-test/3.5.11/reactor-test-3.5.11.jar:/Users/laurocorreia/.m2/repository/io/projectreactor/reactor-core/3.5.11/reactor-core-3.5.11.jar:/Users/laurocorreia/.m2/repository/org/reactivestreams/reactive-streams/1.0.4/reactive-streams-1.0.4.jar:"/>
    <property name="sun.cpu.endian" value="little"/>
    <property name="user.home" value="/Users/laurocorreia"/>
    <property name="user.language" value="es"/>
    <property name="java.specification.vendor" value="Oracle Corporation"/>
    <property name="java.version.date" value="2023-07-18"/>
    <property name="java.home" value="/usr/local/Cellar/openjdk@17/17.0.8/libexec/openjdk.jdk/Contents/Home"/>
    <property name="file.separator" value="/"/>
    <property name="basedir" value="/Users/laurocorreia/Documents/GitHub/reactive-api"/>
    <property name="java.vm.compressedOopsMode" value="Zero based"/>
    <property name="line.separator" value="&#10;"/>
    <property name="java.vm.specification.vendor" value="Oracle Corporation"/>
    <property name="java.specification.name" value="Java Platform API Specification"/>
    <property name="FILE_LOG_CHARSET" value="UTF-8"/>
    <property name="java.awt.headless" value="true"/>
    <property name="surefire.real.class.path" value="/Users/laurocorreia/Documents/GitHub/reactive-api/target/surefire/surefirebooter-20231103185446978_3.jar"/>
    <property name="sun.management.compiler" value="HotSpot 64-Bit Tiered Compilers"/>
    <property name="ftp.nonProxyHosts" value="local|*.local|169.254/16|*.169.254/16"/>
    <property name="java.runtime.version" value="17.0.8+0"/>
    <property name="user.name" value="laurocorreia"/>
    <property name="path.separator" value=":"/>
    <property name="os.version" value="13.6.1"/>
    <property name="java.runtime.name" value="OpenJDK Runtime Environment"/>
    <property name="file.encoding" value="UTF-8"/>
    <property name="java.vm.name" value="OpenJDK 64-Bit Server VM"/>
    <property name="java.vendor.version" value="Homebrew"/>
    <property name="localRepository" value="/Users/laurocorreia/.m2/repository"/>
    <property name="java.vendor.url.bug" value="https://github.com/Homebrew/homebrew-core/issues"/>
    <property name="java.io.tmpdir" value="/var/folders/65/yd73hltj4_lc72d20ppndnsm0000gn/T/"/>
    <property name="java.version" value="17.0.8"/>
    <property name="user.dir" value="/Users/laurocorreia/Documents/GitHub/reactive-api"/>
    <property name="os.arch" value="x86_64"/>
    <property name="java.vm.specification.name" value="Java Virtual Machine Specification"/>
    <property name="PID" value="63647"/>
    <property name="CONSOLE_LOG_CHARSET" value="UTF-8"/>
    <property name="native.encoding" value="UTF-8"/>
    <property name="java.library.path" value="/Users/laurocorreia/Library/Java/Extensions:/Library/Java/Extensions:/Network/Library/Java/Extensions:/System/Library/Java/Extensions:/usr/lib/java:."/>
    <property name="java.vm.info" value="mixed mode, sharing"/>
    <property name="java.vendor" value="Homebrew"/>
    <property name="java.vm.version" value="17.0.8+0"/>
    <property name="sun.io.unicode.encoding" value="UnicodeBig"/>
    <property name="socksNonProxyHosts" value="local|*.local|169.254/16|*.169.254/16"/>
    <property name="java.class.version" value="61.0"/>
  </properties>
  <testcase name="get_user_info_response_not_found_test" classname="com.lauro.correia.reactive.api.controller.UserInfoControllerITest" time="1.623">
    <system-out><![CDATA[2023-11-03T18:54:55.373+01:00  INFO 63647 --- [           main] t.c.s.AnnotationConfigContextLoaderUtils : Could not detect default configuration classes for test class [com.lauro.correia.reactive.api.controller.UserInfoControllerITest]: UserInfoControllerITest does not declare any static, non-private, non-final, nested classes annotated with @Configuration.
2023-11-03T18:54:55.397+01:00  INFO 63647 --- [           main] .b.t.c.SpringBootTestContextBootstrapper : Found @SpringBootConfiguration com.lauro.correia.reactive.api.SpringReactiveApiApplication for test class com.lauro.correia.reactive.api.controller.UserInfoControllerITest
2023-11-03T18:54:55.406+01:00  INFO 63647 --- [           main] o.s.b.d.r.RestartApplicationListener     : Restart disabled due to context in which it is running

  .   ____          _            __ _ _
 /\\ / ___'_ __ _ _(_)_ __  __ _ \ \ \ \
( ( )\___ | '_ | '_| | '_ \/ _` | \ \ \ \
 \\/  ___)| |_)| | | | | || (_| |  ) ) ) )
  '  |____| .__|_| |_|_| |_\__, | / / / /
 =========|_|==============|___/=/_/_/_/
 :: Spring Boot ::                (v3.1.5)

2023-11-03T18:54:55.460+01:00  INFO 63647 --- [           main] c.l.c.r.a.c.UserInfoControllerITest      : Starting UserInfoControllerITest using Java 17.0.8 with PID 63647 (started by laurocorreia in /Users/laurocorreia/Documents/GitHub/reactive-api)
2023-11-03T18:54:55.461+01:00  INFO 63647 --- [           main] c.l.c.r.a.c.UserInfoControllerITest      : No active profile set, falling back to 1 default profile: "default"
2023-11-03T18:54:56.493+01:00  INFO 63647 --- [           main] o.s.b.web.embedded.netty.NettyWebServer  : Netty started on port 56792
2023-11-03T18:54:56.502+01:00  INFO 63647 --- [           main] c.l.c.r.a.c.UserInfoControllerITest      : Started UserInfoControllerITest in 1.095 seconds (process running for 9.396)
2023-11-03T18:54:57.223+01:00  INFO 63647 --- [ctor-http-nio-4] c.l.c.r.a.controller.UserInfoController  : [UserInfoController] getuserInfo for Id: [14]
2023-11-03T18:54:57.225+01:00  INFO 63647 --- [ctor-http-nio-4] c.l.c.r.a.service.user.UserServiceImpl   : [UserServiceImpl] - Getting UserInfo for id: [14]
2023-11-03T18:54:57.237+01:00  INFO 63647 --- [ctor-http-nio-4] c.l.c.r.a.service.post.PostServiceImpl   : [UserServiceImpl] - Getting UserPost for id: [14]
2023-11-03T18:54:57.239+01:00  INFO 63647 --- [ctor-http-nio-4] c.l.c.r.a.s.album.AlbumServiceImpl       : [UserServiceImpl] - Getting UserAlbum for id: [14]
2023-11-03T18:54:58.056+01:00 ERROR 63647 --- [ctor-http-nio-4] c.l.c.r.a.c.UserInfoRestControllerAdvice : [UserInfoRestControllerAdvice] handleNotFoundException
]]></system-out>
  </testcase>
  <testcase name="get_user_info_response_ok_test" classname="com.lauro.correia.reactive.api.controller.UserInfoControllerITest" time="0.205">
    <system-out><![CDATA[2023-11-03T18:54:58.165+01:00  INFO 63647 --- [ctor-http-nio-4] c.l.c.r.a.controller.UserInfoController  : [UserInfoController] getuserInfo for Id: [9]
2023-11-03T18:54:58.166+01:00  INFO 63647 --- [ctor-http-nio-4] c.l.c.r.a.service.user.UserServiceImpl   : [UserServiceImpl] - Getting UserInfo for id: [9]
2023-11-03T18:54:58.166+01:00  INFO 63647 --- [ctor-http-nio-4] c.l.c.r.a.service.post.PostServiceImpl   : [UserServiceImpl] - Getting UserPost for id: [9]
2023-11-03T18:54:58.167+01:00  INFO 63647 --- [ctor-http-nio-4] c.l.c.r.a.s.album.AlbumServiceImpl       : [UserServiceImpl] - Getting UserAlbum for id: [9]
2023-11-03T18:54:58.244+01:00  INFO 63647 --- [ctor-http-nio-4] c.l.c.r.a.service.user.UserServiceImpl   : Received UserInfo response: [UserInfo[userId=9, name=Glenna Reichert, email=Chaim_McDermott@dana.io, address=Address[street=Dayna Park, suite=Suite 449, city=Bartholomebury, zipcode=76495-3109, geo=Geolocation[lat=24.6463, lng=-168.8889]], phone=(775)976-6794 x41206, website=conrad.com, company=Company[name=Yost and Sons, catchPhrase=Switchable contextually-based project, bs=aggregate real-time technologies]]]
2023-11-03T18:54:58.293+01:00  INFO 63647 --- [ctor-http-nio-4] c.l.c.r.a.service.post.PostServiceImpl   : Received UserPost response: [Post[userId=9, postId=81, title=tempora rem veritatis voluptas quo dolores vero, body=facere qui nesciunt est voluptatum voluptatem nisi
sequi eligendi necessitatibus ea at rerum itaque
harum non ratione velit laboriosam quis consequuntur
ex officiis minima doloremque voluptas ut aut]]
2023-11-03T18:54:58.296+01:00  INFO 63647 --- [ctor-http-nio-4] c.l.c.r.a.service.post.PostServiceImpl   : Received UserPost response: [Post[userId=9, postId=82, title=laudantium voluptate suscipit sunt enim enim, body=ut libero sit aut totam inventore sunt
porro sint qui sunt molestiae
consequatur cupiditate qui iste ducimus adipisci
dolor enim assumenda soluta laboriosam amet iste delectus hic]]
2023-11-03T18:54:58.298+01:00  INFO 63647 --- [ctor-http-nio-4] c.l.c.r.a.service.post.PostServiceImpl   : Received UserPost response: [Post[userId=9, postId=83, title=odit et voluptates doloribus alias odio et, body=est molestiae facilis quis tempora numquam nihil qui
voluptate sapiente consequatur est qui
necessitatibus autem aut ipsa aperiam modi dolore numquam
reprehenderit eius rem quibusdam]]
2023-11-03T18:54:58.299+01:00  INFO 63647 --- [ctor-http-nio-4] c.l.c.r.a.service.post.PostServiceImpl   : Received UserPost response: [Post[userId=9, postId=84, title=optio ipsam molestias necessitatibus occaecati facilis veritatis dolores aut, body=sint molestiae magni a et quos
eaque et quasi
ut rerum debitis similique veniam
recusandae dignissimos dolor incidunt consequatur odio]]
2023-11-03T18:54:58.299+01:00  INFO 63647 --- [ctor-http-nio-4] c.l.c.r.a.service.post.PostServiceImpl   : Received UserPost response: [Post[userId=9, postId=85, title=dolore veritatis porro provident adipisci blanditiis et sunt, body=similique sed nisi voluptas iusto omnis
mollitia et quo
assumenda suscipit officia magnam sint sed tempora
enim provident pariatur praesentium atque animi amet ratione]]
2023-11-03T18:54:58.299+01:00  INFO 63647 --- [ctor-http-nio-4] c.l.c.r.a.service.post.PostServiceImpl   : Received UserPost response: [Post[userId=9, postId=86, title=placeat quia et porro iste, body=quasi excepturi consequatur iste autem temporibus sed molestiae beatae
et quaerat et esse ut
voluptatem occaecati et vel explicabo autem
asperiores pariatur deserunt optio]]
2023-11-03T18:54:58.300+01:00  INFO 63647 --- [ctor-http-nio-4] c.l.c.r.a.service.post.PostServiceImpl   : Received UserPost response: [Post[userId=9, postId=87, title=nostrum quis quasi placeat, body=eos et molestiae
nesciunt ut a
dolores perspiciatis repellendus repellat aliquid
magnam sint rem ipsum est]]
2023-11-03T18:54:58.300+01:00  INFO 63647 --- [ctor-http-nio-4] c.l.c.r.a.service.post.PostServiceImpl   : Received UserPost response: [Post[userId=9, postId=88, title=sapiente omnis fugit eos, body=consequatur omnis est praesentium
ducimus non iste
neque hic deserunt
voluptatibus veniam cum et rerum sed]]
2023-11-03T18:54:58.300+01:00  INFO 63647 --- [ctor-http-nio-4] c.l.c.r.a.service.post.PostServiceImpl   : Received UserPost response: [Post[userId=9, postId=89, title=sint soluta et vel magnam aut ut sed qui, body=repellat aut aperiam totam temporibus autem et
architecto magnam ut
consequatur qui cupiditate rerum quia soluta dignissimos nihil iure
tempore quas est]]
2023-11-03T18:54:58.301+01:00  INFO 63647 --- [ctor-http-nio-4] c.l.c.r.a.service.post.PostServiceImpl   : Received UserPost response: [Post[userId=9, postId=90, title=ad iusto omnis odit dolor voluptatibus, body=minus omnis soluta quia
qui sed adipisci voluptates illum ipsam voluptatem
eligendi officia ut in
eos soluta similique molestias praesentium blanditiis]]
2023-11-03T18:54:58.309+01:00  INFO 63647 --- [ctor-http-nio-4] c.l.c.r.a.s.album.AlbumServiceImpl       : Received UserAlbum response: [Album[userId=9, albumId=81, title=quibusdam sapiente et]]
2023-11-03T18:54:58.310+01:00  INFO 63647 --- [ctor-http-nio-4] c.l.c.r.a.s.album.AlbumServiceImpl       : Received UserAlbum response: [Album[userId=9, albumId=82, title=recusandae consequatur vel amet unde]]
2023-11-03T18:54:58.310+01:00  INFO 63647 --- [ctor-http-nio-4] c.l.c.r.a.s.album.AlbumServiceImpl       : Received UserAlbum response: [Album[userId=9, albumId=83, title=aperiam odio fugiat]]
2023-11-03T18:54:58.310+01:00  INFO 63647 --- [ctor-http-nio-4] c.l.c.r.a.s.album.AlbumServiceImpl       : Received UserAlbum response: [Album[userId=9, albumId=84, title=est et at eos expedita]]
2023-11-03T18:54:58.310+01:00  INFO 63647 --- [ctor-http-nio-4] c.l.c.r.a.s.album.AlbumServiceImpl       : Received UserAlbum response: [Album[userId=9, albumId=85, title=qui voluptatem consequatur aut ab quis temporibus praesentium]]
2023-11-03T18:54:58.311+01:00  INFO 63647 --- [ctor-http-nio-4] c.l.c.r.a.s.album.AlbumServiceImpl       : Received UserAlbum response: [Album[userId=9, albumId=86, title=eligendi mollitia alias aspernatur vel ut iusto]]
2023-11-03T18:54:58.311+01:00  INFO 63647 --- [ctor-http-nio-4] c.l.c.r.a.s.album.AlbumServiceImpl       : Received UserAlbum response: [Album[userId=9, albumId=87, title=aut aut architecto]]
2023-11-03T18:54:58.311+01:00  INFO 63647 --- [ctor-http-nio-4] c.l.c.r.a.s.album.AlbumServiceImpl       : Received UserAlbum response: [Album[userId=9, albumId=88, title=quas perspiciatis optio]]
2023-11-03T18:54:58.311+01:00  INFO 63647 --- [ctor-http-nio-4] c.l.c.r.a.s.album.AlbumServiceImpl       : Received UserAlbum response: [Album[userId=9, albumId=89, title=sit optio id voluptatem est eum et]]
2023-11-03T18:54:58.312+01:00  INFO 63647 --- [ctor-http-nio-4] c.l.c.r.a.s.album.AlbumServiceImpl       : Received UserAlbum response: [Album[userId=9, albumId=90, title=est vel dignissimos]]
2023-11-03T18:54:58.313+01:00  INFO 63647 --- [ctor-http-nio-4] c.l.c.r.a.service.user.UserServiceImpl   : UserInfoVO complete: UserInfoVO[userId=9, name=Glenna Reichert, email=Chaim_McDermott@dana.io, address=AddressVO[street=Dayna Park, suite=Suite 449, city=Bartholomebury, zipcode=76495-3109, geolocation=GeolocationVO[latitude=24.6463, longetude=-168.8889]], phone=(775)976-6794 x41206, website=conrad.com, company=CompanyVO[name=Yost and Sons, catchPhrase=Switchable contextually-based project, bs=aggregate real-time technologies], album=[AlbumVO[userId=9, albumId=81, title=quibusdam sapiente et], AlbumVO[userId=9, albumId=82, title=recusandae consequatur vel amet unde], AlbumVO[userId=9, albumId=83, title=aperiam odio fugiat], AlbumVO[userId=9, albumId=84, title=est et at eos expedita], AlbumVO[userId=9, albumId=85, title=qui voluptatem consequatur aut ab quis temporibus praesentium], AlbumVO[userId=9, albumId=86, title=eligendi mollitia alias aspernatur vel ut iusto], AlbumVO[userId=9, albumId=87, title=aut aut architecto], AlbumVO[userId=9, albumId=88, title=quas perspiciatis optio], AlbumVO[userId=9, albumId=89, title=sit optio id voluptatem est eum et], AlbumVO[userId=9, albumId=90, title=est vel dignissimos]], post=[PostVO[userId=9, postId=81, title=tempora rem veritatis voluptas quo dolores vero, body=facere qui nesciunt est voluptatum voluptatem nisi
sequi eligendi necessitatibus ea at rerum itaque
harum non ratione velit laboriosam quis consequuntur
ex officiis minima doloremque voluptas ut aut], PostVO[userId=9, postId=82, title=laudantium voluptate suscipit sunt enim enim, body=ut libero sit aut totam inventore sunt
porro sint qui sunt molestiae
consequatur cupiditate qui iste ducimus adipisci
dolor enim assumenda soluta laboriosam amet iste delectus hic], PostVO[userId=9, postId=83, title=odit et voluptates doloribus alias odio et, body=est molestiae facilis quis tempora numquam nihil qui
voluptate sapiente consequatur est qui
necessitatibus autem aut ipsa aperiam modi dolore numquam
reprehenderit eius rem quibusdam], PostVO[userId=9, postId=84, title=optio ipsam molestias necessitatibus occaecati facilis veritatis dolores aut, body=sint molestiae magni a et quos
eaque et quasi
ut rerum debitis similique veniam
recusandae dignissimos dolor incidunt consequatur odio], PostVO[userId=9, postId=85, title=dolore veritatis porro provident adipisci blanditiis et sunt, body=similique sed nisi voluptas iusto omnis
mollitia et quo
assumenda suscipit officia magnam sint sed tempora
enim provident pariatur praesentium atque animi amet ratione], PostVO[userId=9, postId=86, title=placeat quia et porro iste, body=quasi excepturi consequatur iste autem temporibus sed molestiae beatae
et quaerat et esse ut
voluptatem occaecati et vel explicabo autem
asperiores pariatur deserunt optio], PostVO[userId=9, postId=87, title=nostrum quis quasi placeat, body=eos et molestiae
nesciunt ut a
dolores perspiciatis repellendus repellat aliquid
magnam sint rem ipsum est], PostVO[userId=9, postId=88, title=sapiente omnis fugit eos, body=consequatur omnis est praesentium
ducimus non iste
neque hic deserunt
voluptatibus veniam cum et rerum sed], PostVO[userId=9, postId=89, title=sint soluta et vel magnam aut ut sed qui, body=repellat aut aperiam totam temporibus autem et
architecto magnam ut
consequatur qui cupiditate rerum quia soluta dignissimos nihil iure
tempore quas est], PostVO[userId=9, postId=90, title=ad iusto omnis odit dolor voluptatibus, body=minus omnis soluta quia
qui sed adipisci voluptates illum ipsam voluptatem
eligendi officia ut in
eos soluta similique molestias praesentium blanditiis]]]
]]></system-out>
  </testcase>
  <testcase name="get_user_list_response_OK_test" classname="com.lauro.correia.reactive.api.controller.UserInfoControllerITest" time="0.056">
    <system-out><![CDATA[2023-11-03T18:54:58.372+01:00  INFO 63647 --- [ctor-http-nio-4] c.l.c.r.a.controller.UserInfoController  : [UserInfoController] getUsers
2023-11-03T18:54:58.372+01:00  INFO 63647 --- [ctor-http-nio-4] c.l.c.r.a.service.user.UserServiceImpl   : [UserServiceImpl] - Get All Users
2023-11-03T18:54:58.401+01:00  INFO 63647 --- [ctor-http-nio-4] c.l.c.r.a.service.user.UserServiceImpl   : Received UserInfo response: [User[id=1, name=Leanne Graham, email=Sincere@april.biz]]
2023-11-03T18:54:58.403+01:00  INFO 63647 --- [ctor-http-nio-4] c.l.c.r.a.service.user.UserServiceImpl   : Received UserInfo response: [User[id=2, name=Ervin Howell, email=Shanna@melissa.tv]]
2023-11-03T18:54:58.405+01:00  INFO 63647 --- [ctor-http-nio-4] c.l.c.r.a.service.user.UserServiceImpl   : Received UserInfo response: [User[id=3, name=Clementine Bauch, email=Nathan@yesenia.net]]
2023-11-03T18:54:58.406+01:00  INFO 63647 --- [ctor-http-nio-4] c.l.c.r.a.service.user.UserServiceImpl   : Received UserInfo response: [User[id=4, name=Patricia Lebsack, email=Julianne.OConner@kory.org]]
2023-11-03T18:54:58.407+01:00  INFO 63647 --- [ctor-http-nio-4] c.l.c.r.a.service.user.UserServiceImpl   : Received UserInfo response: [User[id=5, name=Chelsey Dietrich, email=Lucio_Hettinger@annie.ca]]
2023-11-03T18:54:58.408+01:00  INFO 63647 --- [ctor-http-nio-4] c.l.c.r.a.service.user.UserServiceImpl   : Received UserInfo response: [User[id=6, name=Mrs. Dennis Schulist, email=Karley_Dach@jasper.info]]
2023-11-03T18:54:58.409+01:00  INFO 63647 --- [ctor-http-nio-4] c.l.c.r.a.service.user.UserServiceImpl   : Received UserInfo response: [User[id=7, name=Kurtis Weissnat, email=Telly.Hoeger@billy.biz]]
2023-11-03T18:54:58.409+01:00  INFO 63647 --- [ctor-http-nio-4] c.l.c.r.a.service.user.UserServiceImpl   : Received UserInfo response: [User[id=8, name=Nicholas Runolfsdottir V, email=Sherwood@rosamond.me]]
2023-11-03T18:54:58.411+01:00  INFO 63647 --- [ctor-http-nio-4] c.l.c.r.a.service.user.UserServiceImpl   : Received UserInfo response: [User[id=9, name=Glenna Reichert, email=Chaim_McDermott@dana.io]]
2023-11-03T18:54:58.412+01:00  INFO 63647 --- [ctor-http-nio-4] c.l.c.r.a.service.user.UserServiceImpl   : Received UserInfo response: [User[id=10, name=Clementina DuBuque, email=Rey.Padberg@karina.biz]]
]]></system-out>
  </testcase>
</testsuite>